{"/home/devstudy/forum2/express-typescript/app.ts": {"path":"/home/devstudy/forum2/express-typescript/app.ts","statementMap":{"0":{"start":{"line":8,"column":12},"end":{"line":8,"column":21}},"1":{"start":{"line":10,"column":0},"end":{"line":10,"column":24}},"2":{"start":{"line":11,"column":0},"end":{"line":11,"column":48}},"3":{"start":{"line":12,"column":0},"end":{"line":12,"column":34}},"4":{"start":{"line":13,"column":0},"end":{"line":13,"column":24}},"5":{"start":{"line":15,"column":0},"end":{"line":20,"column":2}},"6":{"start":{"line":21,"column":0},"end":{"line":30,"column":2}},"7":{"start":{"line":32,"column":0},"end":{"line":32,"column":26}},"8":{"start":{"line":34,"column":0},"end":{"line":36,"column":3}},"9":{"start":{"line":35,"column":2},"end":{"line":35,"column":25}},"10":{"start":{"line":38,"column":0},"end":{"line":49,"column":3}},"11":{"start":{"line":44,"column":2},"end":{"line":44,"column":35}},"12":{"start":{"line":45,"column":2},"end":{"line":45,"column":32}},"13":{"start":{"line":46,"column":2},"end":{"line":46,"column":26}},"14":{"start":{"line":47,"column":2},"end":{"line":47,"column":19}},"15":{"start":{"line":48,"column":2},"end":{"line":48,"column":16}}},"fnMap":{"0":{"name":"(anonymous_0)","decl":{"start":{"line":34,"column":8},"end":{"line":34,"column":9}},"loc":{"start":{"line":34,"column":34},"end":{"line":36,"column":1}},"line":34},"1":{"name":"(anonymous_1)","decl":{"start":{"line":38,"column":8},"end":{"line":38,"column":9}},"loc":{"start":{"line":43,"column":2},"end":{"line":49,"column":1}},"line":43}},"branchMap":{"0":{"loc":{"start":{"line":45,"column":13},"end":{"line":45,"column":30}},"type":"binary-expr","locations":[{"start":{"line":45,"column":13},"end":{"line":45,"column":23}},{"start":{"line":45,"column":27},"end":{"line":45,"column":30}}],"line":45}},"s":{"0":1,"1":1,"2":1,"3":1,"4":1,"5":1,"6":1,"7":1,"8":1,"9":0,"10":1,"11":0,"12":0,"13":0,"14":0,"15":0},"f":{"0":0,"1":0},"b":{"0":[0,0]},"_coverageSchema":"1a1c01bbd47fc00a2c39e90264f33305004495a9","hash":"c139652d7f001a843b73c94ef5d0a0f85dcb61d9"}
,"/home/devstudy/forum2/express-typescript/routes/db_cliant.ts": {"path":"/home/devstudy/forum2/express-typescript/routes/db_cliant.ts","statementMap":{"0":{"start":{"line":5,"column":18},"end":{"line":5,"column":75}},"1":{"start":{"line":6,"column":27},"end":{"line":6,"column":34}},"2":{"start":{"line":7,"column":0},"end":{"line":7,"column":23}},"3":{"start":{"line":8,"column":0},"end":{"line":8,"column":18}},"4":{"start":{"line":19,"column":0},"end":{"line":51,"column":2}},"5":{"start":{"line":53,"column":15},"end":{"line":59,"column":1}},"6":{"start":{"line":54,"column":2},"end":{"line":58,"column":5}},"7":{"start":{"line":62,"column":15},"end":{"line":64,"column":1}},"8":{"start":{"line":63,"column":2},"end":{"line":63,"column":21}},"9":{"start":{"line":66,"column":18},"end":{"line":72,"column":1}},"10":{"start":{"line":67,"column":17},"end":{"line":70,"column":4}},"11":{"start":{"line":71,"column":2},"end":{"line":71,"column":16}},"12":{"start":{"line":74,"column":22},"end":{"line":80,"column":1}},"13":{"start":{"line":75,"column":2},"end":{"line":79,"column":5}},"14":{"start":{"line":82,"column":22},"end":{"line":92,"column":1}},"15":{"start":{"line":83,"column":2},"end":{"line":83,"column":24}},"16":{"start":{"line":84,"column":2},"end":{"line":91,"column":4}},"17":{"start":{"line":94,"column":19},"end":{"line":96,"column":1}},"18":{"start":{"line":95,"column":2},"end":{"line":95,"column":65}},"19":{"start":{"line":98,"column":24},"end":{"line":104,"column":1}},"20":{"start":{"line":99,"column":28},"end":{"line":101,"column":38}},"21":{"start":{"line":102,"column":2},"end":{"line":102,"column":33}},"22":{"start":{"line":103,"column":2},"end":{"line":103,"column":19}}},"fnMap":{"0":{"name":"(anonymous_0)","decl":{"start":{"line":53,"column":15},"end":{"line":53,"column":16}},"loc":{"start":{"line":53,"column":69},"end":{"line":59,"column":1}},"line":53},"1":{"name":"(anonymous_1)","decl":{"start":{"line":62,"column":15},"end":{"line":62,"column":16}},"loc":{"start":{"line":62,"column":33},"end":{"line":64,"column":1}},"line":62},"2":{"name":"(anonymous_2)","decl":{"start":{"line":66,"column":18},"end":{"line":66,"column":19}},"loc":{"start":{"line":66,"column":53},"end":{"line":72,"column":1}},"line":66},"3":{"name":"(anonymous_3)","decl":{"start":{"line":74,"column":22},"end":{"line":74,"column":23}},"loc":{"start":{"line":74,"column":55},"end":{"line":80,"column":1}},"line":74},"4":{"name":"(anonymous_4)","decl":{"start":{"line":82,"column":22},"end":{"line":82,"column":23}},"loc":{"start":{"line":82,"column":72},"end":{"line":92,"column":1}},"line":82},"5":{"name":"(anonymous_5)","decl":{"start":{"line":94,"column":19},"end":{"line":94,"column":20}},"loc":{"start":{"line":94,"column":37},"end":{"line":96,"column":1}},"line":94},"6":{"name":"(anonymous_6)","decl":{"start":{"line":98,"column":24},"end":{"line":98,"column":25}},"loc":{"start":{"line":98,"column":53},"end":{"line":104,"column":1}},"line":98}},"branchMap":{},"s":{"0":1,"1":1,"2":1,"3":1,"4":1,"5":1,"6":0,"7":1,"8":0,"9":1,"10":0,"11":0,"12":1,"13":0,"14":1,"15":0,"16":0,"17":1,"18":0,"19":1,"20":0,"21":0,"22":0},"f":{"0":0,"1":0,"2":0,"3":0,"4":0,"5":0,"6":0},"b":{},"_coverageSchema":"1a1c01bbd47fc00a2c39e90264f33305004495a9","hash":"a5923302c0968513009bde721a8fa89643d1175e"}
,"/home/devstudy/forum2/express-typescript/routes/index.ts": {"path":"/home/devstudy/forum2/express-typescript/routes/index.ts","statementMap":{"0":{"start":{"line":18,"column":22},"end":{"line":18,"column":44}},"1":{"start":{"line":19,"column":15},"end":{"line":19,"column":31}},"2":{"start":{"line":24,"column":14},"end":{"line":27,"column":1}},"3":{"start":{"line":30,"column":0},"end":{"line":40,"column":2}},"4":{"start":{"line":32,"column":4},"end":{"line":38,"column":5}},"5":{"start":{"line":33,"column":6},"end":{"line":33,"column":43}},"6":{"start":{"line":34,"column":6},"end":{"line":34,"column":68}},"7":{"start":{"line":35,"column":11},"end":{"line":38,"column":5}},"8":{"start":{"line":36,"column":6},"end":{"line":36,"column":43}},"9":{"start":{"line":37,"column":6},"end":{"line":37,"column":31}},"10":{"start":{"line":42,"column":0},"end":{"line":45,"column":3}},"11":{"start":{"line":43,"column":2},"end":{"line":43,"column":30}},"12":{"start":{"line":44,"column":2},"end":{"line":44,"column":19}},"13":{"start":{"line":47,"column":0},"end":{"line":50,"column":3}},"14":{"start":{"line":48,"column":2},"end":{"line":48,"column":32}},"15":{"start":{"line":49,"column":2},"end":{"line":49,"column":19}},"16":{"start":{"line":52,"column":0},"end":{"line":52,"column":34}},"17":{"start":{"line":53,"column":0},"end":{"line":53,"column":31}},"18":{"start":{"line":58,"column":0},"end":{"line":66,"column":3}},"19":{"start":{"line":59,"column":24},"end":{"line":59,"column":41}},"20":{"start":{"line":60,"column":2},"end":{"line":60,"column":51}},"21":{"start":{"line":61,"column":2},"end":{"line":61,"column":38}},"22":{"start":{"line":62,"column":2},"end":{"line":62,"column":63}},"23":{"start":{"line":63,"column":2},"end":{"line":63,"column":53}},"24":{"start":{"line":65,"column":2},"end":{"line":65,"column":33}},"25":{"start":{"line":68,"column":0},"end":{"line":85,"column":3}},"26":{"start":{"line":69,"column":2},"end":{"line":76,"column":3}},"27":{"start":{"line":73,"column":4},"end":{"line":73,"column":20}},"28":{"start":{"line":74,"column":4},"end":{"line":74,"column":15}},"29":{"start":{"line":75,"column":4},"end":{"line":75,"column":11}},"30":{"start":{"line":77,"column":2},"end":{"line":81,"column":4}},"31":{"start":{"line":82,"column":2},"end":{"line":82,"column":24}},"32":{"start":{"line":83,"column":2},"end":{"line":83,"column":55}},"33":{"start":{"line":84,"column":2},"end":{"line":84,"column":13}},"34":{"start":{"line":88,"column":0},"end":{"line":104,"column":3}},"35":{"start":{"line":89,"column":2},"end":{"line":89,"column":35}},"36":{"start":{"line":90,"column":2},"end":{"line":90,"column":24}},"37":{"start":{"line":91,"column":2},"end":{"line":98,"column":3}},"38":{"start":{"line":95,"column":4},"end":{"line":95,"column":20}},"39":{"start":{"line":96,"column":4},"end":{"line":96,"column":15}},"40":{"start":{"line":97,"column":4},"end":{"line":97,"column":11}},"41":{"start":{"line":99,"column":2},"end":{"line":99,"column":26}},"42":{"start":{"line":100,"column":2},"end":{"line":100,"column":54}},"43":{"start":{"line":101,"column":15},"end":{"line":101,"column":74}},"44":{"start":{"line":102,"column":2},"end":{"line":102,"column":20}},"45":{"start":{"line":103,"column":2},"end":{"line":103,"column":13}},"46":{"start":{"line":106,"column":24},"end":{"line":109,"column":1}},"47":{"start":{"line":107,"column":20},"end":{"line":107,"column":24}},"48":{"start":{"line":108,"column":2},"end":{"line":108,"column":63}},"49":{"start":{"line":111,"column":24},"end":{"line":114,"column":1}},"50":{"start":{"line":112,"column":20},"end":{"line":112,"column":22}},"51":{"start":{"line":113,"column":2},"end":{"line":113,"column":39}},"52":{"start":{"line":116,"column":0},"end":{"line":126,"column":3}},"53":{"start":{"line":117,"column":2},"end":{"line":117,"column":53}},"54":{"start":{"line":118,"column":2},"end":{"line":125,"column":3}},"55":{"start":{"line":119,"column":4},"end":{"line":119,"column":45}},"56":{"start":{"line":120,"column":4},"end":{"line":120,"column":43}},"57":{"start":{"line":121,"column":4},"end":{"line":121,"column":15}},"58":{"start":{"line":123,"column":4},"end":{"line":123,"column":20}},"59":{"start":{"line":124,"column":4},"end":{"line":124,"column":15}},"60":{"start":{"line":131,"column":0},"end":{"line":147,"column":2}},"61":{"start":{"line":135,"column":4},"end":{"line":135,"column":26}},"62":{"start":{"line":136,"column":4},"end":{"line":136,"column":31}},"63":{"start":{"line":137,"column":4},"end":{"line":137,"column":39}},"64":{"start":{"line":138,"column":30},"end":{"line":138,"column":59}},"65":{"start":{"line":139,"column":4},"end":{"line":139,"column":27}},"66":{"start":{"line":140,"column":4},"end":{"line":143,"column":7}},"67":{"start":{"line":144,"column":4},"end":{"line":144,"column":17}},"68":{"start":{"line":145,"column":4},"end":{"line":145,"column":11}},"69":{"start":{"line":148,"column":0},"end":{"line":154,"column":3}},"70":{"start":{"line":149,"column":23},"end":{"line":149,"column":52}},"71":{"start":{"line":150,"column":2},"end":{"line":150,"column":40}},"72":{"start":{"line":152,"column":2},"end":{"line":152,"column":20}},"73":{"start":{"line":153,"column":2},"end":{"line":153,"column":26}},"74":{"start":{"line":156,"column":0},"end":{"line":161,"column":3}},"75":{"start":{"line":157,"column":2},"end":{"line":157,"column":37}},"76":{"start":{"line":158,"column":2},"end":{"line":158,"column":15}},"77":{"start":{"line":159,"column":2},"end":{"line":159,"column":29}},"78":{"start":{"line":160,"column":2},"end":{"line":160,"column":13}},"79":{"start":{"line":163,"column":0},"end":{"line":166,"column":3}},"80":{"start":{"line":164,"column":2},"end":{"line":164,"column":21}},"81":{"start":{"line":165,"column":2},"end":{"line":165,"column":13}}},"fnMap":{"0":{"name":"(anonymous_0)","decl":{"start":{"line":31,"column":20},"end":{"line":31,"column":21}},"loc":{"start":{"line":31,"column":50},"end":{"line":39,"column":3}},"line":31},"1":{"name":"(anonymous_1)","decl":{"start":{"line":42,"column":23},"end":{"line":42,"column":24}},"loc":{"start":{"line":42,"column":39},"end":{"line":45,"column":1}},"line":42},"2":{"name":"(anonymous_2)","decl":{"start":{"line":47,"column":25},"end":{"line":47,"column":26}},"loc":{"start":{"line":47,"column":55},"end":{"line":50,"column":1}},"line":47},"3":{"name":"(anonymous_3)","decl":{"start":{"line":58,"column":28},"end":{"line":58,"column":29}},"loc":{"start":{"line":58,"column":60},"end":{"line":66,"column":1}},"line":58},"4":{"name":"(anonymous_4)","decl":{"start":{"line":68,"column":29},"end":{"line":68,"column":30}},"loc":{"start":{"line":68,"column":61},"end":{"line":85,"column":1}},"line":68},"5":{"name":"(anonymous_5)","decl":{"start":{"line":88,"column":28},"end":{"line":88,"column":29}},"loc":{"start":{"line":88,"column":60},"end":{"line":104,"column":1}},"line":88},"6":{"name":"(anonymous_6)","decl":{"start":{"line":106,"column":24},"end":{"line":106,"column":25}},"loc":{"start":{"line":106,"column":51},"end":{"line":109,"column":1}},"line":106},"7":{"name":"(anonymous_7)","decl":{"start":{"line":111,"column":24},"end":{"line":111,"column":25}},"loc":{"start":{"line":111,"column":51},"end":{"line":114,"column":1}},"line":111},"8":{"name":"(anonymous_8)","decl":{"start":{"line":116,"column":31},"end":{"line":116,"column":32}},"loc":{"start":{"line":116,"column":63},"end":{"line":126,"column":1}},"line":116},"9":{"name":"(anonymous_9)","decl":{"start":{"line":134,"column":2},"end":{"line":134,"column":3}},"loc":{"start":{"line":134,"column":34},"end":{"line":146,"column":3}},"line":134},"10":{"name":"(anonymous_10)","decl":{"start":{"line":148,"column":26},"end":{"line":148,"column":27}},"loc":{"start":{"line":148,"column":58},"end":{"line":154,"column":1}},"line":148},"11":{"name":"(anonymous_11)","decl":{"start":{"line":156,"column":28},"end":{"line":156,"column":29}},"loc":{"start":{"line":156,"column":54},"end":{"line":161,"column":1}},"line":156},"12":{"name":"(anonymous_12)","decl":{"start":{"line":163,"column":28},"end":{"line":163,"column":29}},"loc":{"start":{"line":163,"column":60},"end":{"line":166,"column":1}},"line":163}},"branchMap":{"0":{"loc":{"start":{"line":32,"column":4},"end":{"line":38,"column":5}},"type":"if","locations":[{"start":{"line":32,"column":4},"end":{"line":38,"column":5}},{"start":{"line":32,"column":4},"end":{"line":38,"column":5}}],"line":32},"1":{"loc":{"start":{"line":32,"column":8},"end":{"line":32,"column":66}},"type":"binary-expr","locations":[{"start":{"line":32,"column":8},"end":{"line":32,"column":35}},{"start":{"line":32,"column":39},"end":{"line":32,"column":66}}],"line":32},"2":{"loc":{"start":{"line":35,"column":11},"end":{"line":38,"column":5}},"type":"if","locations":[{"start":{"line":35,"column":11},"end":{"line":38,"column":5}},{"start":{"line":35,"column":11},"end":{"line":38,"column":5}}],"line":35},"3":{"loc":{"start":{"line":35,"column":15},"end":{"line":35,"column":73}},"type":"binary-expr","locations":[{"start":{"line":35,"column":15},"end":{"line":35,"column":42}},{"start":{"line":35,"column":46},"end":{"line":35,"column":73}}],"line":35},"4":{"loc":{"start":{"line":69,"column":2},"end":{"line":76,"column":3}},"type":"if","locations":[{"start":{"line":69,"column":2},"end":{"line":76,"column":3}},{"start":{"line":69,"column":2},"end":{"line":76,"column":3}}],"line":69},"5":{"loc":{"start":{"line":70,"column":4},"end":{"line":71,"column":50}},"type":"binary-expr","locations":[{"start":{"line":70,"column":4},"end":{"line":70,"column":48}},{"start":{"line":71,"column":4},"end":{"line":71,"column":50}}],"line":70},"6":{"loc":{"start":{"line":91,"column":2},"end":{"line":98,"column":3}},"type":"if","locations":[{"start":{"line":91,"column":2},"end":{"line":98,"column":3}},{"start":{"line":91,"column":2},"end":{"line":98,"column":3}}],"line":91},"7":{"loc":{"start":{"line":92,"column":4},"end":{"line":93,"column":50}},"type":"binary-expr","locations":[{"start":{"line":92,"column":4},"end":{"line":92,"column":52}},{"start":{"line":93,"column":4},"end":{"line":93,"column":50}}],"line":92},"8":{"loc":{"start":{"line":108,"column":9},"end":{"line":108,"column":62}},"type":"binary-expr","locations":[{"start":{"line":108,"column":9},"end":{"line":108,"column":38}},{"start":{"line":108,"column":42},"end":{"line":108,"column":62}}],"line":108},"9":{"loc":{"start":{"line":118,"column":2},"end":{"line":125,"column":3}},"type":"if","locations":[{"start":{"line":118,"column":2},"end":{"line":125,"column":3}},{"start":{"line":118,"column":2},"end":{"line":125,"column":3}}],"line":118}},"s":{"0":1,"1":1,"2":1,"3":1,"4":0,"5":0,"6":0,"7":0,"8":0,"9":0,"10":1,"11":0,"12":0,"13":1,"14":0,"15":0,"16":1,"17":1,"18":1,"19":0,"20":0,"21":0,"22":0,"23":0,"24":0,"25":1,"26":0,"27":0,"28":0,"29":0,"30":0,"31":0,"32":0,"33":0,"34":1,"35":1,"36":1,"37":1,"38":0,"39":0,"40":0,"41":0,"42":0,"43":0,"44":0,"45":0,"46":1,"47":0,"48":0,"49":1,"50":0,"51":0,"52":1,"53":0,"54":0,"55":0,"56":0,"57":0,"58":0,"59":0,"60":1,"61":0,"62":0,"63":0,"64":0,"65":0,"66":0,"67":0,"68":0,"69":1,"70":0,"71":0,"72":0,"73":0,"74":1,"75":0,"76":0,"77":0,"78":0,"79":1,"80":0,"81":0},"f":{"0":0,"1":0,"2":0,"3":0,"4":0,"5":1,"6":0,"7":0,"8":0,"9":0,"10":0,"11":0,"12":0},"b":{"0":[0,0],"1":[0,0],"2":[0,0],"3":[0,0],"4":[0,0],"5":[0,0],"6":[0,0],"7":[1,0],"8":[0,0],"9":[0,0]},"_coverageSchema":"1a1c01bbd47fc00a2c39e90264f33305004495a9","hash":"8f9527bd711c3b12bd783918577a9a13fbd65c01"}
,"/home/devstudy/forum2/express-typescript/routes/sessiondb_cliant.ts": {"path":"/home/devstudy/forum2/express-typescript/routes/sessiondb_cliant.ts","statementMap":{"0":{"start":{"line":3,"column":18},"end":{"line":5,"column":2}},"1":{"start":{"line":6,"column":27},"end":{"line":6,"column":36}},"2":{"start":{"line":15,"column":0},"end":{"line":39,"column":2}},"3":{"start":{"line":44,"column":17},"end":{"line":53,"column":1}},"4":{"start":{"line":45,"column":22},"end":{"line":45,"column":56}},"5":{"start":{"line":46,"column":23},"end":{"line":49,"column":18}},"6":{"start":{"line":50,"column":2},"end":{"line":50,"column":20}},"7":{"start":{"line":51,"column":2},"end":{"line":51,"column":23}},"8":{"start":{"line":52,"column":2},"end":{"line":52,"column":14}},"9":{"start":{"line":55,"column":19},"end":{"line":65,"column":1}},"10":{"start":{"line":56,"column":2},"end":{"line":56,"column":25}},"11":{"start":{"line":57,"column":2},"end":{"line":64,"column":4}},"12":{"start":{"line":69,"column":18},"end":{"line":72,"column":1}},"13":{"start":{"line":70,"column":25},"end":{"line":70,"column":73}},"14":{"start":{"line":71,"column":2},"end":{"line":71,"column":22}},"15":{"start":{"line":74,"column":22},"end":{"line":80,"column":1}},"16":{"start":{"line":75,"column":2},"end":{"line":79,"column":5}}},"fnMap":{"0":{"name":"(anonymous_0)","decl":{"start":{"line":44,"column":17},"end":{"line":44,"column":18}},"loc":{"start":{"line":44,"column":50},"end":{"line":53,"column":1}},"line":44},"1":{"name":"(anonymous_1)","decl":{"start":{"line":55,"column":19},"end":{"line":55,"column":20}},"loc":{"start":{"line":55,"column":65},"end":{"line":65,"column":1}},"line":55},"2":{"name":"(anonymous_2)","decl":{"start":{"line":69,"column":18},"end":{"line":69,"column":19}},"loc":{"start":{"line":69,"column":48},"end":{"line":72,"column":1}},"line":69},"3":{"name":"(anonymous_3)","decl":{"start":{"line":74,"column":22},"end":{"line":74,"column":23}},"loc":{"start":{"line":74,"column":52},"end":{"line":80,"column":1}},"line":74}},"branchMap":{},"s":{"0":1,"1":1,"2":1,"3":1,"4":0,"5":0,"6":0,"7":0,"8":0,"9":1,"10":0,"11":0,"12":1,"13":1,"14":0,"15":1,"16":0},"f":{"0":0,"1":0,"2":1,"3":0},"b":{},"_coverageSchema":"1a1c01bbd47fc00a2c39e90264f33305004495a9","hash":"5196b95f0c74e9983d2ac6e29c75d8b6a46ca275"}
}
