{"/home/devstudy/forum2/express-typescript/app.ts": {"path":"/home/devstudy/forum2/express-typescript/app.ts","statementMap":{"0":{"start":{"line":8,"column":12},"end":{"line":8,"column":21}},"1":{"start":{"line":10,"column":0},"end":{"line":10,"column":23}},"2":{"start":{"line":11,"column":0},"end":{"line":11,"column":48}},"3":{"start":{"line":12,"column":0},"end":{"line":12,"column":34}},"4":{"start":{"line":13,"column":0},"end":{"line":13,"column":23}},"5":{"start":{"line":15,"column":0},"end":{"line":19,"column":4}},"6":{"start":{"line":20,"column":0},"end":{"line":27,"column":4}},"7":{"start":{"line":29,"column":0},"end":{"line":29,"column":26}},"8":{"start":{"line":31,"column":0},"end":{"line":33,"column":3}},"9":{"start":{"line":32,"column":2},"end":{"line":32,"column":25}},"10":{"start":{"line":35,"column":0},"end":{"line":41,"column":3}},"11":{"start":{"line":36,"column":2},"end":{"line":36,"column":35}},"12":{"start":{"line":37,"column":2},"end":{"line":37,"column":32}},"13":{"start":{"line":38,"column":2},"end":{"line":38,"column":26}},"14":{"start":{"line":39,"column":2},"end":{"line":39,"column":19}},"15":{"start":{"line":40,"column":2},"end":{"line":40,"column":16}}},"fnMap":{"0":{"name":"(anonymous_0)","decl":{"start":{"line":31,"column":8},"end":{"line":31,"column":9}},"loc":{"start":{"line":31,"column":33},"end":{"line":33,"column":1}},"line":31},"1":{"name":"(anonymous_1)","decl":{"start":{"line":35,"column":8},"end":{"line":35,"column":9}},"loc":{"start":{"line":35,"column":102},"end":{"line":41,"column":1}},"line":35}},"branchMap":{"0":{"loc":{"start":{"line":37,"column":13},"end":{"line":37,"column":30}},"type":"binary-expr","locations":[{"start":{"line":37,"column":13},"end":{"line":37,"column":23}},{"start":{"line":37,"column":27},"end":{"line":37,"column":30}}],"line":37}},"s":{"0":1,"1":1,"2":1,"3":1,"4":1,"5":1,"6":1,"7":1,"8":1,"9":0,"10":1,"11":0,"12":0,"13":0,"14":0,"15":0},"f":{"0":0,"1":0},"b":{"0":[0,0]},"_coverageSchema":"1a1c01bbd47fc00a2c39e90264f33305004495a9","hash":"b8e01a28d6157c093aec37dc20d76b80f281c939"}
,"/home/devstudy/forum2/express-typescript/routes/db_cliant.ts": {"path":"/home/devstudy/forum2/express-typescript/routes/db_cliant.ts","statementMap":{"0":{"start":{"line":5,"column":18},"end":{"line":7,"column":1}},"1":{"start":{"line":8,"column":26},"end":{"line":8,"column":33}},"2":{"start":{"line":9,"column":0},"end":{"line":9,"column":23}},"3":{"start":{"line":10,"column":0},"end":{"line":10,"column":18}},"4":{"start":{"line":22,"column":0},"end":{"line":55,"column":2}},"5":{"start":{"line":57,"column":15},"end":{"line":59,"column":1}},"6":{"start":{"line":58,"column":2},"end":{"line":58,"column":94}},"7":{"start":{"line":62,"column":15},"end":{"line":64,"column":1}},"8":{"start":{"line":63,"column":2},"end":{"line":63,"column":21}},"9":{"start":{"line":66,"column":18},"end":{"line":72,"column":1}},"10":{"start":{"line":67,"column":17},"end":{"line":70,"column":4}},"11":{"start":{"line":71,"column":2},"end":{"line":71,"column":17}},"12":{"start":{"line":74,"column":22},"end":{"line":80,"column":1}},"13":{"start":{"line":75,"column":2},"end":{"line":79,"column":5}},"14":{"start":{"line":82,"column":22},"end":{"line":89,"column":1}},"15":{"start":{"line":83,"column":2},"end":{"line":83,"column":24}},"16":{"start":{"line":84,"column":2},"end":{"line":88,"column":5}},"17":{"start":{"line":91,"column":19},"end":{"line":93,"column":1}},"18":{"start":{"line":92,"column":2},"end":{"line":92,"column":65}},"19":{"start":{"line":95,"column":22},"end":{"line":99,"column":1}},"20":{"start":{"line":96,"column":27},"end":{"line":96,"column":88}},"21":{"start":{"line":97,"column":2},"end":{"line":97,"column":32}},"22":{"start":{"line":98,"column":2},"end":{"line":98,"column":20}}},"fnMap":{"0":{"name":"(anonymous_0)","decl":{"start":{"line":57,"column":15},"end":{"line":57,"column":16}},"loc":{"start":{"line":57,"column":66},"end":{"line":59,"column":1}},"line":57},"1":{"name":"(anonymous_1)","decl":{"start":{"line":62,"column":15},"end":{"line":62,"column":16}},"loc":{"start":{"line":62,"column":33},"end":{"line":64,"column":1}},"line":62},"2":{"name":"(anonymous_2)","decl":{"start":{"line":66,"column":18},"end":{"line":66,"column":19}},"loc":{"start":{"line":66,"column":51},"end":{"line":72,"column":1}},"line":66},"3":{"name":"(anonymous_3)","decl":{"start":{"line":74,"column":22},"end":{"line":74,"column":23}},"loc":{"start":{"line":74,"column":54},"end":{"line":80,"column":1}},"line":74},"4":{"name":"(anonymous_4)","decl":{"start":{"line":82,"column":22},"end":{"line":82,"column":23}},"loc":{"start":{"line":82,"column":69},"end":{"line":89,"column":1}},"line":82},"5":{"name":"(anonymous_5)","decl":{"start":{"line":91,"column":19},"end":{"line":91,"column":20}},"loc":{"start":{"line":91,"column":37},"end":{"line":93,"column":1}},"line":91},"6":{"name":"(anonymous_6)","decl":{"start":{"line":95,"column":22},"end":{"line":95,"column":23}},"loc":{"start":{"line":95,"column":47},"end":{"line":99,"column":1}},"line":95}},"branchMap":{},"s":{"0":1,"1":1,"2":1,"3":1,"4":1,"5":1,"6":0,"7":1,"8":0,"9":1,"10":0,"11":0,"12":1,"13":0,"14":1,"15":0,"16":0,"17":1,"18":0,"19":1,"20":0,"21":0,"22":0},"f":{"0":0,"1":0,"2":0,"3":0,"4":0,"5":0,"6":0},"b":{},"_coverageSchema":"1a1c01bbd47fc00a2c39e90264f33305004495a9","hash":"99d101095fc189d1abf1b7c9d6e8187549a76320"}
,"/home/devstudy/forum2/express-typescript/routes/index.ts": {"path":"/home/devstudy/forum2/express-typescript/routes/index.ts","statementMap":{"0":{"start":{"line":7,"column":22},"end":{"line":7,"column":44}},"1":{"start":{"line":8,"column":15},"end":{"line":8,"column":31}},"2":{"start":{"line":13,"column":14},"end":{"line":16,"column":1}},"3":{"start":{"line":19,"column":0},"end":{"line":29,"column":3}},"4":{"start":{"line":21,"column":4},"end":{"line":27,"column":5}},"5":{"start":{"line":22,"column":6},"end":{"line":22,"column":43}},"6":{"start":{"line":23,"column":6},"end":{"line":23,"column":66}},"7":{"start":{"line":24,"column":10},"end":{"line":27,"column":5}},"8":{"start":{"line":25,"column":6},"end":{"line":25,"column":43}},"9":{"start":{"line":26,"column":6},"end":{"line":26,"column":30}},"10":{"start":{"line":31,"column":0},"end":{"line":34,"column":3}},"11":{"start":{"line":32,"column":2},"end":{"line":32,"column":30}},"12":{"start":{"line":33,"column":2},"end":{"line":33,"column":18}},"13":{"start":{"line":36,"column":0},"end":{"line":39,"column":3}},"14":{"start":{"line":37,"column":2},"end":{"line":37,"column":32}},"15":{"start":{"line":38,"column":2},"end":{"line":38,"column":18}},"16":{"start":{"line":41,"column":0},"end":{"line":41,"column":34}},"17":{"start":{"line":42,"column":0},"end":{"line":42,"column":31}},"18":{"start":{"line":49,"column":0},"end":{"line":57,"column":3}},"19":{"start":{"line":50,"column":23},"end":{"line":50,"column":40}},"20":{"start":{"line":51,"column":2},"end":{"line":51,"column":52}},"21":{"start":{"line":52,"column":2},"end":{"line":52,"column":38}},"22":{"start":{"line":53,"column":2},"end":{"line":53,"column":63}},"23":{"start":{"line":54,"column":2},"end":{"line":54,"column":54}},"24":{"start":{"line":56,"column":2},"end":{"line":56,"column":33}},"25":{"start":{"line":59,"column":0},"end":{"line":69,"column":3}},"26":{"start":{"line":60,"column":2},"end":{"line":64,"column":3}},"27":{"start":{"line":61,"column":4},"end":{"line":61,"column":20}},"28":{"start":{"line":62,"column":4},"end":{"line":62,"column":15}},"29":{"start":{"line":63,"column":4},"end":{"line":63,"column":11}},"30":{"start":{"line":65,"column":2},"end":{"line":65,"column":103}},"31":{"start":{"line":66,"column":2},"end":{"line":66,"column":24}},"32":{"start":{"line":67,"column":2},"end":{"line":67,"column":54}},"33":{"start":{"line":68,"column":2},"end":{"line":68,"column":13}},"34":{"start":{"line":72,"column":0},"end":{"line":85,"column":3}},"35":{"start":{"line":73,"column":2},"end":{"line":73,"column":34}},"36":{"start":{"line":74,"column":2},"end":{"line":74,"column":23}},"37":{"start":{"line":75,"column":2},"end":{"line":79,"column":3}},"38":{"start":{"line":76,"column":4},"end":{"line":76,"column":20}},"39":{"start":{"line":77,"column":4},"end":{"line":77,"column":14}},"40":{"start":{"line":78,"column":4},"end":{"line":78,"column":10}},"41":{"start":{"line":80,"column":2},"end":{"line":80,"column":26}},"42":{"start":{"line":81,"column":2},"end":{"line":81,"column":53}},"43":{"start":{"line":82,"column":15},"end":{"line":82,"column":73}},"44":{"start":{"line":83,"column":2},"end":{"line":83,"column":20}},"45":{"start":{"line":84,"column":2},"end":{"line":84,"column":13}},"46":{"start":{"line":87,"column":22},"end":{"line":90,"column":1}},"47":{"start":{"line":88,"column":18},"end":{"line":88,"column":22}},"48":{"start":{"line":89,"column":2},"end":{"line":89,"column":57}},"49":{"start":{"line":92,"column":22},"end":{"line":95,"column":1}},"50":{"start":{"line":93,"column":20},"end":{"line":93,"column":22}},"51":{"start":{"line":94,"column":2},"end":{"line":94,"column":37}},"52":{"start":{"line":97,"column":0},"end":{"line":107,"column":3}},"53":{"start":{"line":98,"column":2},"end":{"line":98,"column":54}},"54":{"start":{"line":99,"column":2},"end":{"line":106,"column":3}},"55":{"start":{"line":100,"column":4},"end":{"line":100,"column":45}},"56":{"start":{"line":101,"column":4},"end":{"line":101,"column":43}},"57":{"start":{"line":102,"column":4},"end":{"line":102,"column":15}},"58":{"start":{"line":104,"column":4},"end":{"line":104,"column":20}},"59":{"start":{"line":105,"column":4},"end":{"line":105,"column":15}},"60":{"start":{"line":113,"column":0},"end":{"line":128,"column":2}},"61":{"start":{"line":116,"column":4},"end":{"line":116,"column":26}},"62":{"start":{"line":117,"column":4},"end":{"line":117,"column":31}},"63":{"start":{"line":118,"column":4},"end":{"line":118,"column":39}},"64":{"start":{"line":119,"column":29},"end":{"line":119,"column":58}},"65":{"start":{"line":120,"column":4},"end":{"line":120,"column":27}},"66":{"start":{"line":121,"column":4},"end":{"line":124,"column":7}},"67":{"start":{"line":125,"column":4},"end":{"line":125,"column":17}},"68":{"start":{"line":126,"column":4},"end":{"line":126,"column":12}},"69":{"start":{"line":129,"column":0},"end":{"line":137,"column":2}},"70":{"start":{"line":131,"column":24},"end":{"line":131,"column":53}},"71":{"start":{"line":132,"column":4},"end":{"line":132,"column":41}},"72":{"start":{"line":134,"column":4},"end":{"line":134,"column":22}},"73":{"start":{"line":135,"column":4},"end":{"line":135,"column":28}},"74":{"start":{"line":139,"column":0},"end":{"line":144,"column":3}},"75":{"start":{"line":140,"column":2},"end":{"line":140,"column":36}},"76":{"start":{"line":141,"column":2},"end":{"line":141,"column":15}},"77":{"start":{"line":142,"column":2},"end":{"line":142,"column":29}},"78":{"start":{"line":143,"column":2},"end":{"line":143,"column":13}},"79":{"start":{"line":146,"column":0},"end":{"line":149,"column":3}},"80":{"start":{"line":147,"column":2},"end":{"line":147,"column":21}},"81":{"start":{"line":148,"column":2},"end":{"line":148,"column":13}}},"fnMap":{"0":{"name":"(anonymous_0)","decl":{"start":{"line":20,"column":2},"end":{"line":20,"column":3}},"loc":{"start":{"line":20,"column":32},"end":{"line":28,"column":3}},"line":20},"1":{"name":"(anonymous_1)","decl":{"start":{"line":31,"column":23},"end":{"line":31,"column":24}},"loc":{"start":{"line":31,"column":36},"end":{"line":34,"column":1}},"line":31},"2":{"name":"(anonymous_2)","decl":{"start":{"line":36,"column":25},"end":{"line":36,"column":26}},"loc":{"start":{"line":36,"column":51},"end":{"line":39,"column":1}},"line":36},"3":{"name":"(anonymous_3)","decl":{"start":{"line":49,"column":28},"end":{"line":49,"column":29}},"loc":{"start":{"line":49,"column":59},"end":{"line":57,"column":1}},"line":49},"4":{"name":"(anonymous_4)","decl":{"start":{"line":59,"column":28},"end":{"line":59,"column":29}},"loc":{"start":{"line":59,"column":56},"end":{"line":69,"column":1}},"line":59},"5":{"name":"(anonymous_5)","decl":{"start":{"line":72,"column":28},"end":{"line":72,"column":29}},"loc":{"start":{"line":72,"column":58},"end":{"line":85,"column":1}},"line":72},"6":{"name":"(anonymous_6)","decl":{"start":{"line":87,"column":22},"end":{"line":87,"column":23}},"loc":{"start":{"line":87,"column":45},"end":{"line":90,"column":1}},"line":87},"7":{"name":"(anonymous_7)","decl":{"start":{"line":92,"column":22},"end":{"line":92,"column":23}},"loc":{"start":{"line":92,"column":45},"end":{"line":95,"column":1}},"line":92},"8":{"name":"(anonymous_8)","decl":{"start":{"line":97,"column":30},"end":{"line":97,"column":31}},"loc":{"start":{"line":97,"column":58},"end":{"line":107,"column":1}},"line":97},"9":{"name":"(anonymous_9)","decl":{"start":{"line":115,"column":2},"end":{"line":115,"column":3}},"loc":{"start":{"line":115,"column":30},"end":{"line":127,"column":3}},"line":115},"10":{"name":"(anonymous_10)","decl":{"start":{"line":130,"column":2},"end":{"line":130,"column":3}},"loc":{"start":{"line":130,"column":30},"end":{"line":136,"column":3}},"line":130},"11":{"name":"(anonymous_11)","decl":{"start":{"line":139,"column":27},"end":{"line":139,"column":28}},"loc":{"start":{"line":139,"column":50},"end":{"line":144,"column":1}},"line":139},"12":{"name":"(anonymous_12)","decl":{"start":{"line":146,"column":27},"end":{"line":146,"column":28}},"loc":{"start":{"line":146,"column":55},"end":{"line":149,"column":1}},"line":146}},"branchMap":{"0":{"loc":{"start":{"line":21,"column":4},"end":{"line":27,"column":5}},"type":"if","locations":[{"start":{"line":21,"column":4},"end":{"line":27,"column":5}},{"start":{"line":21,"column":4},"end":{"line":27,"column":5}}],"line":21},"1":{"loc":{"start":{"line":21,"column":8},"end":{"line":21,"column":66}},"type":"binary-expr","locations":[{"start":{"line":21,"column":8},"end":{"line":21,"column":35}},{"start":{"line":21,"column":39},"end":{"line":21,"column":66}}],"line":21},"2":{"loc":{"start":{"line":24,"column":10},"end":{"line":27,"column":5}},"type":"if","locations":[{"start":{"line":24,"column":10},"end":{"line":27,"column":5}},{"start":{"line":24,"column":10},"end":{"line":27,"column":5}}],"line":24},"3":{"loc":{"start":{"line":24,"column":14},"end":{"line":24,"column":72}},"type":"binary-expr","locations":[{"start":{"line":24,"column":14},"end":{"line":24,"column":41}},{"start":{"line":24,"column":45},"end":{"line":24,"column":72}}],"line":24},"4":{"loc":{"start":{"line":60,"column":2},"end":{"line":64,"column":3}},"type":"if","locations":[{"start":{"line":60,"column":2},"end":{"line":64,"column":3}},{"start":{"line":60,"column":2},"end":{"line":64,"column":3}}],"line":60},"5":{"loc":{"start":{"line":60,"column":6},"end":{"line":60,"column":94}},"type":"binary-expr","locations":[{"start":{"line":60,"column":6},"end":{"line":60,"column":48}},{"start":{"line":60,"column":50},"end":{"line":60,"column":94}}],"line":60},"6":{"loc":{"start":{"line":75,"column":2},"end":{"line":79,"column":3}},"type":"if","locations":[{"start":{"line":75,"column":2},"end":{"line":79,"column":3}},{"start":{"line":75,"column":2},"end":{"line":79,"column":3}}],"line":75},"7":{"loc":{"start":{"line":75,"column":6},"end":{"line":75,"column":96}},"type":"binary-expr","locations":[{"start":{"line":75,"column":6},"end":{"line":75,"column":50}},{"start":{"line":75,"column":52},"end":{"line":75,"column":96}}],"line":75},"8":{"loc":{"start":{"line":89,"column":9},"end":{"line":89,"column":56}},"type":"binary-expr","locations":[{"start":{"line":89,"column":9},"end":{"line":89,"column":36}},{"start":{"line":89,"column":38},"end":{"line":89,"column":56}}],"line":89},"9":{"loc":{"start":{"line":99,"column":2},"end":{"line":106,"column":3}},"type":"if","locations":[{"start":{"line":99,"column":2},"end":{"line":106,"column":3}},{"start":{"line":99,"column":2},"end":{"line":106,"column":3}}],"line":99}},"s":{"0":1,"1":1,"2":1,"3":1,"4":0,"5":0,"6":0,"7":0,"8":0,"9":0,"10":1,"11":0,"12":0,"13":1,"14":0,"15":0,"16":1,"17":1,"18":1,"19":0,"20":0,"21":0,"22":0,"23":0,"24":0,"25":1,"26":0,"27":0,"28":0,"29":0,"30":0,"31":0,"32":0,"33":0,"34":1,"35":1,"36":1,"37":1,"38":0,"39":0,"40":0,"41":0,"42":0,"43":0,"44":0,"45":0,"46":1,"47":0,"48":0,"49":1,"50":0,"51":0,"52":1,"53":0,"54":0,"55":0,"56":0,"57":0,"58":0,"59":0,"60":1,"61":0,"62":0,"63":0,"64":0,"65":0,"66":0,"67":0,"68":0,"69":1,"70":0,"71":0,"72":0,"73":0,"74":1,"75":0,"76":0,"77":0,"78":0,"79":1,"80":0,"81":0},"f":{"0":0,"1":0,"2":0,"3":0,"4":0,"5":1,"6":0,"7":0,"8":0,"9":0,"10":0,"11":0,"12":0},"b":{"0":[0,0],"1":[0,0],"2":[0,0],"3":[0,0],"4":[0,0],"5":[0,0],"6":[0,0],"7":[1,0],"8":[0,0],"9":[0,0]},"_coverageSchema":"1a1c01bbd47fc00a2c39e90264f33305004495a9","hash":"bf84a5b1750d21fbc8f9c1b11495a874f99bed46"}
,"/home/devstudy/forum2/express-typescript/routes/sessiondb_cliant.ts": {"path":"/home/devstudy/forum2/express-typescript/routes/sessiondb_cliant.ts","statementMap":{"0":{"start":{"line":3,"column":18},"end":{"line":6,"column":1}},"1":{"start":{"line":7,"column":27},"end":{"line":7,"column":36}},"2":{"start":{"line":16,"column":0},"end":{"line":40,"column":2}},"3":{"start":{"line":45,"column":17},"end":{"line":51,"column":1}},"4":{"start":{"line":46,"column":21},"end":{"line":46,"column":55}},"5":{"start":{"line":47,"column":23},"end":{"line":47,"column":97}},"6":{"start":{"line":48,"column":2},"end":{"line":48,"column":20}},"7":{"start":{"line":49,"column":2},"end":{"line":49,"column":23}},"8":{"start":{"line":50,"column":2},"end":{"line":50,"column":14}},"9":{"start":{"line":53,"column":19},"end":{"line":60,"column":1}},"10":{"start":{"line":54,"column":2},"end":{"line":54,"column":25}},"11":{"start":{"line":55,"column":2},"end":{"line":59,"column":4}},"12":{"start":{"line":64,"column":18},"end":{"line":67,"column":1}},"13":{"start":{"line":65,"column":25},"end":{"line":65,"column":71}},"14":{"start":{"line":66,"column":2},"end":{"line":66,"column":22}},"15":{"start":{"line":70,"column":22},"end":{"line":76,"column":1}},"16":{"start":{"line":71,"column":2},"end":{"line":75,"column":5}}},"fnMap":{"0":{"name":"(anonymous_0)","decl":{"start":{"line":45,"column":17},"end":{"line":45,"column":18}},"loc":{"start":{"line":45,"column":50},"end":{"line":51,"column":1}},"line":45},"1":{"name":"(anonymous_1)","decl":{"start":{"line":53,"column":19},"end":{"line":53,"column":20}},"loc":{"start":{"line":53,"column":65},"end":{"line":60,"column":1}},"line":53},"2":{"name":"(anonymous_2)","decl":{"start":{"line":64,"column":18},"end":{"line":64,"column":19}},"loc":{"start":{"line":64,"column":48},"end":{"line":67,"column":1}},"line":64},"3":{"name":"(anonymous_3)","decl":{"start":{"line":70,"column":22},"end":{"line":70,"column":23}},"loc":{"start":{"line":70,"column":52},"end":{"line":76,"column":1}},"line":70}},"branchMap":{},"s":{"0":1,"1":1,"2":1,"3":1,"4":0,"5":0,"6":0,"7":0,"8":0,"9":1,"10":0,"11":0,"12":1,"13":1,"14":0,"15":1,"16":0},"f":{"0":0,"1":0,"2":1,"3":0},"b":{},"_coverageSchema":"1a1c01bbd47fc00a2c39e90264f33305004495a9","hash":"a9475091b5470a169cb2656590a110fd408cd1ce"}
}
