TN:
SF:app.ts
FN:31,(anonymous_0)
FN:35,(anonymous_1)
FNF:2
FNH:0
FNDA:0,(anonymous_0)
FNDA:0,(anonymous_1)
DA:8,1
DA:10,1
DA:11,1
DA:12,1
DA:13,1
DA:15,1
DA:20,1
DA:29,1
DA:31,1
DA:32,0
DA:35,1
DA:36,0
DA:37,0
DA:38,0
DA:39,0
DA:40,0
LF:16
LH:10
BRDA:37,0,0,0
BRDA:37,0,1,0
BRF:2
BRH:0
end_of_record
TN:
SF:routes/db_cliant.ts
FN:57,(anonymous_0)
FN:62,(anonymous_1)
FN:66,(anonymous_2)
FN:74,(anonymous_3)
FN:82,(anonymous_4)
FN:91,(anonymous_5)
FN:95,(anonymous_6)
FNF:7
FNH:0
FNDA:0,(anonymous_0)
FNDA:0,(anonymous_1)
FNDA:0,(anonymous_2)
FNDA:0,(anonymous_3)
FNDA:0,(anonymous_4)
FNDA:0,(anonymous_5)
FNDA:0,(anonymous_6)
DA:5,1
DA:8,1
DA:9,1
DA:10,1
DA:22,1
DA:57,1
DA:58,0
DA:62,1
DA:63,0
DA:66,1
DA:67,0
DA:71,0
DA:74,1
DA:75,0
DA:82,1
DA:83,0
DA:84,0
DA:91,1
DA:92,0
DA:95,1
DA:96,0
DA:97,0
DA:98,0
LF:23
LH:12
BRF:0
BRH:0
end_of_record
TN:
SF:routes/index.ts
FN:20,(anonymous_0)
FN:31,(anonymous_1)
FN:36,(anonymous_2)
FN:49,(anonymous_3)
FN:59,(anonymous_4)
FN:72,(anonymous_5)
FN:87,(anonymous_6)
FN:92,(anonymous_7)
FN:97,(anonymous_8)
FN:115,(anonymous_9)
FN:130,(anonymous_10)
FN:139,(anonymous_11)
FN:146,(anonymous_12)
FNF:13
FNH:1
FNDA:0,(anonymous_0)
FNDA:0,(anonymous_1)
FNDA:0,(anonymous_2)
FNDA:0,(anonymous_3)
FNDA:0,(anonymous_4)
FNDA:1,(anonymous_5)
FNDA:0,(anonymous_6)
FNDA:0,(anonymous_7)
FNDA:0,(anonymous_8)
FNDA:0,(anonymous_9)
FNDA:0,(anonymous_10)
FNDA:0,(anonymous_11)
FNDA:0,(anonymous_12)
DA:7,1
DA:8,1
DA:13,1
DA:19,1
DA:21,0
DA:22,0
DA:23,0
DA:24,0
DA:25,0
DA:26,0
DA:31,1
DA:32,0
DA:33,0
DA:36,1
DA:37,0
DA:38,0
DA:41,1
DA:42,1
DA:49,1
DA:50,0
DA:51,0
DA:52,0
DA:53,0
DA:54,0
DA:56,0
DA:59,1
DA:60,0
DA:61,0
DA:62,0
DA:63,0
DA:65,0
DA:66,0
DA:67,0
DA:68,0
DA:72,1
DA:73,1
DA:74,1
DA:75,1
DA:76,0
DA:77,0
DA:78,0
DA:80,0
DA:81,0
DA:82,0
DA:83,0
DA:84,0
DA:87,1
DA:88,0
DA:89,0
DA:92,1
DA:93,0
DA:94,0
DA:97,1
DA:98,0
DA:99,0
DA:100,0
DA:101,0
DA:102,0
DA:104,0
DA:105,0
DA:113,1
DA:116,0
DA:117,0
DA:118,0
DA:119,0
DA:120,0
DA:121,0
DA:125,0
DA:126,0
DA:129,1
DA:131,0
DA:132,0
DA:134,0
DA:135,0
DA:139,1
DA:140,0
DA:141,0
DA:142,0
DA:143,0
DA:146,1
DA:147,0
DA:148,0
LF:82
LH:21
BRDA:21,0,0,0
BRDA:21,0,1,0
BRDA:21,1,0,0
BRDA:21,1,1,0
BRDA:24,2,0,0
BRDA:24,2,1,0
BRDA:24,3,0,0
BRDA:24,3,1,0
BRDA:60,4,0,0
BRDA:60,4,1,0
BRDA:60,5,0,0
BRDA:60,5,1,0
BRDA:75,6,0,0
BRDA:75,6,1,0
BRDA:75,7,0,1
BRDA:75,7,1,0
BRDA:89,8,0,0
BRDA:89,8,1,0
BRDA:99,9,0,0
BRDA:99,9,1,0
BRF:20
BRH:1
end_of_record
TN:
SF:routes/sessiondb_cliant.ts
FN:45,(anonymous_0)
FN:53,(anonymous_1)
FN:64,(anonymous_2)
FN:70,(anonymous_3)
FNF:4
FNH:1
FNDA:0,(anonymous_0)
FNDA:0,(anonymous_1)
FNDA:1,(anonymous_2)
FNDA:0,(anonymous_3)
DA:3,1
DA:7,1
DA:16,1
DA:45,1
DA:46,0
DA:47,0
DA:48,0
DA:49,0
DA:50,0
DA:53,1
DA:54,0
DA:55,0
DA:64,1
DA:65,1
DA:66,0
DA:70,1
DA:71,0
LF:17
LH:8
BRF:0
BRH:0
end_of_record
