TN:
SF:app.ts
FN:34,(anonymous_0)
FN:38,(anonymous_1)
FNF:2
FNH:0
FNDA:0,(anonymous_0)
FNDA:0,(anonymous_1)
DA:8,1
DA:10,1
DA:11,1
DA:12,1
DA:13,1
DA:15,1
DA:21,1
DA:32,1
DA:34,1
DA:35,0
DA:38,1
DA:44,0
DA:45,0
DA:46,0
DA:47,0
DA:48,0
LF:16
LH:10
BRDA:45,0,0,0
BRDA:45,0,1,0
BRF:2
BRH:0
end_of_record
TN:
SF:routes/db_cliant.ts
FN:53,(anonymous_0)
FN:62,(anonymous_1)
FN:66,(anonymous_2)
FN:74,(anonymous_3)
FN:82,(anonymous_4)
FN:94,(anonymous_5)
FN:98,(anonymous_6)
FNF:7
FNH:0
FNDA:0,(anonymous_0)
FNDA:0,(anonymous_1)
FNDA:0,(anonymous_2)
FNDA:0,(anonymous_3)
FNDA:0,(anonymous_4)
FNDA:0,(anonymous_5)
FNDA:0,(anonymous_6)
DA:5,1
DA:6,1
DA:7,1
DA:8,1
DA:19,1
DA:53,1
DA:54,0
DA:62,1
DA:63,0
DA:66,1
DA:67,0
DA:71,0
DA:74,1
DA:75,0
DA:82,1
DA:83,0
DA:84,0
DA:94,1
DA:95,0
DA:98,1
DA:99,0
DA:102,0
DA:103,0
LF:23
LH:12
BRF:0
BRH:0
end_of_record
TN:
SF:routes/index.ts
FN:31,(anonymous_0)
FN:42,(anonymous_1)
FN:47,(anonymous_2)
FN:58,(anonymous_3)
FN:68,(anonymous_4)
FN:88,(anonymous_5)
FN:106,(anonymous_6)
FN:111,(anonymous_7)
FN:116,(anonymous_8)
FN:134,(anonymous_9)
FN:148,(anonymous_10)
FN:156,(anonymous_11)
FN:163,(anonymous_12)
FNF:13
FNH:1
FNDA:0,(anonymous_0)
FNDA:0,(anonymous_1)
FNDA:0,(anonymous_2)
FNDA:0,(anonymous_3)
FNDA:0,(anonymous_4)
FNDA:1,(anonymous_5)
FNDA:0,(anonymous_6)
FNDA:0,(anonymous_7)
FNDA:0,(anonymous_8)
FNDA:0,(anonymous_9)
FNDA:0,(anonymous_10)
FNDA:0,(anonymous_11)
FNDA:0,(anonymous_12)
DA:18,1
DA:19,1
DA:24,1
DA:30,1
DA:32,0
DA:33,0
DA:34,0
DA:35,0
DA:36,0
DA:37,0
DA:42,1
DA:43,0
DA:44,0
DA:47,1
DA:48,0
DA:49,0
DA:52,1
DA:53,1
DA:58,1
DA:59,0
DA:60,0
DA:61,0
DA:62,0
DA:63,0
DA:65,0
DA:68,1
DA:69,0
DA:73,0
DA:74,0
DA:75,0
DA:77,0
DA:82,0
DA:83,0
DA:84,0
DA:88,1
DA:89,1
DA:90,1
DA:91,1
DA:95,0
DA:96,0
DA:97,0
DA:99,0
DA:100,0
DA:101,0
DA:102,0
DA:103,0
DA:106,1
DA:107,0
DA:108,0
DA:111,1
DA:112,0
DA:113,0
DA:116,1
DA:117,0
DA:118,0
DA:119,0
DA:120,0
DA:121,0
DA:123,0
DA:124,0
DA:131,1
DA:135,0
DA:136,0
DA:137,0
DA:138,0
DA:139,0
DA:140,0
DA:144,0
DA:145,0
DA:148,1
DA:149,0
DA:150,0
DA:152,0
DA:153,0
DA:156,1
DA:157,0
DA:158,0
DA:159,0
DA:160,0
DA:163,1
DA:164,0
DA:165,0
LF:82
LH:21
BRDA:32,0,0,0
BRDA:32,0,1,0
BRDA:32,1,0,0
BRDA:32,1,1,0
BRDA:35,2,0,0
BRDA:35,2,1,0
BRDA:35,3,0,0
BRDA:35,3,1,0
BRDA:69,4,0,0
BRDA:69,4,1,0
BRDA:70,5,0,0
BRDA:70,5,1,0
BRDA:91,6,0,0
BRDA:91,6,1,0
BRDA:92,7,0,1
BRDA:92,7,1,0
BRDA:108,8,0,0
BRDA:108,8,1,0
BRDA:118,9,0,0
BRDA:118,9,1,0
BRF:20
BRH:1
end_of_record
TN:
SF:routes/sessiondb_cliant.ts
FN:44,(anonymous_0)
FN:55,(anonymous_1)
FN:69,(anonymous_2)
FN:74,(anonymous_3)
FNF:4
FNH:1
FNDA:0,(anonymous_0)
FNDA:0,(anonymous_1)
FNDA:1,(anonymous_2)
FNDA:0,(anonymous_3)
DA:3,1
DA:6,1
DA:15,1
DA:44,1
DA:45,0
DA:46,0
DA:50,0
DA:51,0
DA:52,0
DA:55,1
DA:56,0
DA:57,0
DA:69,1
DA:70,1
DA:71,0
DA:74,1
DA:75,0
LF:17
LH:8
BRF:0
BRH:0
end_of_record
